生成启动时间为 2019/9/7 17:29:53。
     1>项目“D:\分享\bitekeji\班级管理\47班\Project1\Project1\Project1.vcxproj”在节点 2 上(Build 个目标)。
     1>ClCompile:
         C:\Program Files (x86)\Microsoft Visual Studio 12.0\VC\bin\CL.exe /c /ZI /nologo /W3 /WX- /sdl /Od /Oy- /D _MBCS /Gm /EHsc /RTC1 /MDd /GS /fp:precise /Zc:wchar_t /Zc:forScope /Fo"Debug\\" /Fd"Debug\vc120.pdb" /Gd /TP /analyze- /errorReport:prompt main2.cpp
         main2.cpp
       Link:
         C:\Program Files (x86)\Microsoft Visual Studio 12.0\VC\bin\link.exe /ERRORREPORT:PROMPT /OUT:"D:\分享\bitekeji\班级管理\47班\Project1\Debug\Project1.exe" /INCREMENTAL /NOLOGO kernel32.lib user32.lib gdi32.lib winspool.lib comdlg32.lib advapi32.lib shell32.lib ole32.lib oleaut32.lib uuid.lib odbc32.lib odbccp32.lib /MANIFEST /MANIFESTUAC:"level='asInvoker' uiAccess='false'" /manifest:embed /DEBUG /PDB:"D:\分享\bitekeji\班级管理\47班\Project1\Debug\Project1.pdb" /TLBID:1 /DYNAMICBASE /NXCOMPAT /IMPLIB:"D:\分享\bitekeji\班级管理\47班\Project1\Debug\Project1.lib" /MACHINE:X86 Debug\main.obj
         Debug\main2.obj
         Debug\seqlist.obj
     1>main2.obj : error LNK2019: 无法解析的外部符号 "public: void __thiscall SeqList<int>::push_back(int const &)" (?push_back@?$SeqList@H@@QAEXABH@Z)，该符号在函数 _main 中被引用
     1>main2.obj : error LNK2019: 无法解析的外部符号 "public: int __thiscall SeqList<int>::size(void)" (?size@?$SeqList@H@@QAEHXZ)，该符号在函数 _main 中被引用
     1>main2.obj : error LNK2019: 无法解析的外部符号 "public: __thiscall SeqList<int>::~SeqList<int>(void)" (??1?$SeqList@H@@QAE@XZ)，该符号在函数 _main 中被引用
     1>D:\分享\bitekeji\班级管理\47班\Project1\Debug\Project1.exe : fatal error LNK1120: 3 个无法解析的外部命令
     1>已完成生成项目“D:\分享\bitekeji\班级管理\47班\Project1\Project1\Project1.vcxproj”(Build 个目标)的操作 - 失败。

生成失败。

已用时间 00:00:01.41
